<?xml version="1.0" encoding="UTF-8"?>
<!-- Generated by org.testng.reporters.JUnitReportReporter -->
<testsuite skipped="0" hostname="DESKTOP-I0F97QH" name="objectrepositery.com.Gmail" tests="1" failures="0" timestamp="10 Oct 2018 04:17:53 GMT" time="36.658" errors="0">
  <testcase name="setup" time="36.658" classname="objectrepositery.com.Gmail"/>
</testsuite> <!-- objectrepositery.com.Gmail -->
