<?xml version="1.0" encoding="UTF-8"?>
<!-- Generated by org.testng.reporters.JUnitReportReporter -->
<testsuite skipped="0" hostname="DESKTOP-I0F97QH" name="com.ExcelRead" tests="1" failures="0" timestamp="19 Sep 2018 02:08:25 GMT" time="53.224" errors="0">
  <testcase name="setup" time="53.224" classname="com.ExcelRead"/>
</testsuite> <!-- com.ExcelRead -->
