<?xml version="1.0" encoding="UTF-8"?>
<!-- Generated by org.testng.reporters.JUnitReportReporter -->
<testsuite skipped="0" hostname="DESKTOP-I0F97QH" name="Screenshot.Screenshot" tests="1" failures="0" timestamp="26 Sep 2018 02:31:14 GMT" time="33.990" errors="0">
  <testcase name="setup" time="33.990" classname="Screenshot.Screenshot"/>
</testsuite> <!-- Screenshot.Screenshot -->
