<?xml version="1.0" encoding="UTF-8"?>
<!-- Generated by org.testng.reporters.JUnitReportReporter -->
<testsuite skipped="0" hostname="DESKTOP-I0F97QH" name="com.testng.Google" tests="3" failures="0" timestamp="03 Oct 2018 14:06:53 GMT" time="0.022" errors="0">
  <testcase name="url" time="0.002" classname="com.testng.Google"/>
  <testcase name="sourcecode" time="0.018" classname="com.testng.Google"/>
  <testcase name="title" time="0.002" classname="com.testng.Google"/>
</testsuite> <!-- com.testng.Google -->
