<?xml version="1.0" encoding="UTF-8"?>
<!-- Generated by org.testng.reporters.JUnitReportReporter -->
<testsuite skipped="1" hostname="DESKTOP-I0F97QH" name="com.testng.Firstprogram" tests="3" failures="0" timestamp="26 Oct 2018 08:08:06 GMT" time="32.295" errors="0">
  <testcase name="title" time="21.068" classname="com.testng.Firstprogram"/>
  <testcase name="pagesoure" time="11.227" classname="com.testng.Firstprogram"/>
  <testcase name="url" classname="com.testng.Firstprogram">
    <skipped/>
  </testcase> <!-- url -->
</testsuite> <!-- com.testng.Firstprogram -->
