<?xml version="1.0" encoding="UTF-8"?>
<!-- Generated by org.testng.reporters.JUnitReportReporter -->
<testsuite skipped="0" hostname="DESKTOP-I0F97QH" name="com.testng.Second" tests="4" failures="0" timestamp="03 Oct 2018 14:44:48 GMT" time="0.020" errors="0">
  <testcase name="car1" time="0.002" classname="com.testng.Second"/>
  <testcase name="bike" time="0.012" classname="com.testng.Second"/>
  <testcase name="car" time="0.002" classname="com.testng.Second"/>
  <testcase name="bike1" time="0.004" classname="com.testng.Second"/>
</testsuite> <!-- com.testng.Second -->
