<?xml version="1.0" encoding="UTF-8"?>
<!-- Generated by org.testng.reporters.JUnitReportReporter -->
<testsuite skipped="0" hostname="DESKTOP-I0F97QH" name="Robot.keyevent.Firstprogram" tests="1" failures="0" timestamp="10 Oct 2018 05:50:15 GMT" time="57.419" errors="0">
  <testcase name="setup" time="57.419" classname="Robot.keyevent.Firstprogram"/>
</testsuite> <!-- Robot.keyevent.Firstprogram -->
