<?xml version="1.0" encoding="UTF-8"?>
<!-- Generated by org.testng.reporters.JUnitReportReporter -->
<testsuite skipped="0" hostname="DESKTOP-I0F97QH" name="objectreposiitery.excel.gmail" tests="1" failures="0" timestamp="10 Oct 2018 04:53:11 GMT" time="16.544" errors="0">
  <testcase name="setup" time="16.544" classname="objectreposiitery.excel.gmail"/>
</testsuite> <!-- objectreposiitery.excel.gmail -->
