<?xml version="1.0" encoding="UTF-8"?>
<!-- Generated by org.testng.reporters.JUnitReportReporter -->
<testsuite hostname="DESKTOP-I0F97QH" name="pom1.BROWSER" tests="1" failures="0" timestamp="18 Sep 2018 06:17:03 GMT" time="38.678" errors="0">
  <testcase name="setup" time="38.678" classname="pom1.BROWSER"/>
</testsuite> <!-- pom1.BROWSER -->
