<?xml version="1.0" encoding="UTF-8"?>
<!-- Generated by org.testng.reporters.JUnitReportReporter -->
<testsuite skipped="0" hostname="DESKTOP-I0F97QH" name="Excel.GmailEx" tests="1" failures="0" timestamp="20 Sep 2018 02:38:16 GMT" time="38.416" errors="0">
  <testcase name="setup" time="38.416" classname="Excel.GmailEx"/>
</testsuite> <!-- Excel.GmailEx -->
