<?xml version="1.0" encoding="UTF-8"?>
<!-- Generated by org.testng.reporters.JUnitReportReporter -->
<testsuite skipped="0" hostname="DESKTOP-I0F97QH" name="com.mouseaction.Spiject1" tests="1" failures="0" timestamp="26 Sep 2018 04:24:57 GMT" time="56.195" errors="0">
  <testcase name="login" time="56.195" classname="com.mouseaction.Spiject1"/>
</testsuite> <!-- com.mouseaction.Spiject1 -->
