<?xml version="1.0" encoding="UTF-8"?>
<!-- Generated by org.testng.reporters.JUnitReportReporter -->
<testsuite skipped="0" hostname="DESKTOP-I0F97QH" name="Screenshot.Screenshot1" tests="1" failures="0" timestamp="21 Sep 2018 02:47:59 GMT" time="34.659" errors="0">
  <testcase name="setup" time="34.659" classname="Screenshot.Screenshot1"/>
</testsuite> <!-- Screenshot.Screenshot1 -->
