<?xml version="1.0" encoding="UTF-8"?>
<!-- Generated by org.testng.reporters.JUnitReportReporter -->
<testsuite skipped="0" hostname="DESKTOP-I0F97QH" name="Robot.keyevent.MousemoveEx" tests="1" failures="0" timestamp="25 Sep 2018 05:46:49 GMT" time="26.308" errors="0">
  <testcase name="setup" time="26.308" classname="Robot.keyevent.MousemoveEx"/>
</testsuite> <!-- Robot.keyevent.MousemoveEx -->
