<?xml version="1.0" encoding="UTF-8"?>
<!-- Generated by org.testng.reporters.JUnitReportReporter -->
<testsuite skipped="0" hostname="DESKTOP-I0F97QH" name="Roboto.com.Nakuri" tests="1" failures="0" timestamp="27 Oct 2018 15:13:42 GMT" time="31.986" errors="0">
  <testcase name="setup" time="31.986" classname="Roboto.com.Nakuri"/>
</testsuite> <!-- Roboto.com.Nakuri -->
