<?xml version="1.0" encoding="UTF-8"?>
<!-- Generated by org.testng.reporters.JUnitReportReporter -->
<testsuite skipped="0" hostname="DESKTOP-I0F97QH" name="Linksexample" tests="1" failures="0" timestamp="09 Oct 2018 06:15:06 GMT" time="40.094" errors="0">
  <testcase name="setup" time="40.094" classname="Linksexample"/>
</testsuite> <!-- Linksexample -->
