<?xml version="1.0" encoding="UTF-8"?>
<!-- Generated by org.testng.reporters.JUnitReportReporter -->
<testsuite skipped="0" hostname="DESKTOP-I0F97QH" name="Facebook" tests="1" failures="0" timestamp="08 Oct 2018 14:51:47 GMT" time="21.949" errors="0">
  <testcase name="login" time="21.949" classname="Facebook"/>
</testsuite> <!-- Facebook -->
