<?xml version="1.0" encoding="UTF-8"?>
<!-- Generated by org.testng.reporters.JUnitReportReporter -->
<testsuite skipped="0" hostname="DESKTOP-I0F97QH" name="com.datadriven.Google" tests="1" failures="0" timestamp="05 Oct 2018 05:31:38 GMT" time="45.729" errors="0">
  <testcase name="login" time="45.729" classname="com.datadriven.Google"/>
</testsuite> <!-- com.datadriven.Google -->
