<?xml version="1.0" encoding="UTF-8"?>
<!-- Generated by org.testng.reporters.JUnitReportReporter -->
<testsuite skipped="0" hostname="DESKTOP-I0F97QH" name="javascript1.com.Google" tests="1" failures="0" timestamp="09 Oct 2018 13:38:24 GMT" time="16.515" errors="0">
  <testcase name="javascript" time="16.515" classname="javascript1.com.Google"/>
</testsuite> <!-- javascript1.com.Google -->
