<?xml version="1.0" encoding="UTF-8"?>
<!-- Generated by org.testng.reporters.JUnitReportReporter -->
<testsuite skipped="0" hostname="DESKTOP-I0F97QH" name="objectrepositrry.Telugumatrimony" tests="1" failures="0" timestamp="09 Oct 2018 07:04:45 GMT" time="16.023" errors="0">
  <testcase name="login" time="16.023" classname="objectrepositrry.Telugumatrimony"/>
</testsuite> <!-- objectrepositrry.Telugumatrimony -->
