<?xml version="1.0" encoding="UTF-8"?>
<!-- Generated by org.testng.reporters.JUnitReportReporter -->
<testsuite hostname="DESKTOP-I0F97QH" name="pom.Execution" tests="1" failures="0" timestamp="18 Sep 2018 02:54:02 GMT" time="35.928" errors="0">
  <testcase name="ex" time="35.928" classname="pom.Execution"/>
</testsuite> <!-- pom.Execution -->
