<?xml version="1.0" encoding="UTF-8"?>
<!-- Generated by org.testng.reporters.JUnitReportReporter -->
<testsuite hostname="DESKTOP-I0F97QH" name="pom1.Execuation" tests="1" failures="0" timestamp="18 Sep 2018 04:28:10 GMT" time="23.588" errors="0">
  <testcase name="logout" time="23.588" classname="pom1.Execuation"/>
</testsuite> <!-- pom1.Execuation -->
