<?xml version="1.0" encoding="UTF-8"?>
<!-- Generated by org.testng.reporters.JUnitReportReporter -->
<testsuite skipped="0" hostname="DESKTOP-I0F97QH" name="com.parameters.Parameter" tests="1" failures="0" timestamp="25 Oct 2018 05:02:00 GMT" time="18.925" errors="0">
  <testcase name="login" time="18.925" classname="com.parameters.Parameter"/>
</testsuite> <!-- com.parameters.Parameter -->
