<?xml version="1.0" encoding="UTF-8"?>
<!-- Generated by org.testng.reporters.JUnitReportReporter -->
<testsuite skipped="0" hostname="DESKTOP-I0F97QH" name="Excel.Readfile" tests="1" failures="0" timestamp="20 Sep 2018 02:11:01 GMT" time="40.659" errors="0">
  <testcase name="setup" time="40.659" classname="Excel.Readfile"/>
</testsuite> <!-- Excel.Readfile -->
