<?xml version="1.0" encoding="UTF-8"?>
<!-- Generated by org.testng.reporters.JUnitReportReporter -->
<testsuite skipped="0" hostname="DESKTOP-I0F97QH" name="pom2.Logout" tests="1" failures="0" timestamp="09 Oct 2018 03:35:28 GMT" time="46.740" errors="0">
  <testcase name="logout" time="46.740" classname="pom2.Logout"/>
</testsuite> <!-- pom2.Logout -->
