<?xml version="1.0" encoding="UTF-8"?>
<!-- Generated by org.testng.reporters.JUnitReportReporter -->
<testsuite skipped="0" hostname="DESKTOP-I0F97QH" name="Listeners.Google" tests="1" failures="0" timestamp="25 Oct 2018 17:04:07 GMT" time="9.905" errors="0">
  <testcase name="login" time="9.905" classname="Listeners.Google"/>
</testsuite> <!-- Listeners.Google -->
