<?xml version="1.0" encoding="UTF-8"?>
<!-- Generated by org.testng.reporters.JUnitReportReporter -->
<testsuite skipped="0" hostname="DESKTOP-I0F97QH" name="com.Google" tests="3" failures="0" timestamp="11 Sep 2018 04:55:21 GMT" time="41.434" errors="0">
  <testcase name="url" time="15.865" classname="com.Google"/>
  <testcase name="title" time="12.727" classname="com.Google"/>
  <testcase name="page" time="12.842" classname="com.Google"/>
</testsuite> <!-- com.Google -->
